Analysis & Elaboration report for Practica_4_PWM
Mon Mar  3 23:07:46 2025
Quartus Prime Version 23.1std.1 Build 993 05/14/2024 SC Lite Edition


---------------------
; Table of Contents ;
---------------------
  1. Legal Notice
  2. Analysis & Elaboration Summary
  3. Parallel Compilation
  4. Parameter Settings for User Entity Instance: Top-level Entity: |pwm
  5. Parameter Settings for User Entity Instance: clock_divider:CLK_DIV_INST
  6. Parameter Settings for User Entity Instance: debouncer_one_shot:DEB_ONE_SHOT_PB_INC
  7. Parameter Settings for User Entity Instance: debouncer_one_shot:DEB_ONE_SHOT_PB_INC|debouncer:DEBOUNCER
  8. Parameter Settings for User Entity Instance: debouncer_one_shot:DEB_ONE_SHOT_PB_INC|debouncer:DEBOUNCER|counter_debouncer:CONTADOR_PARA_RATE
  9. Parameter Settings for User Entity Instance: debouncer_one_shot:DEB_ONE_SHOT_PB_DEC
 10. Parameter Settings for User Entity Instance: debouncer_one_shot:DEB_ONE_SHOT_PB_DEC|debouncer:DEBOUNCER
 11. Parameter Settings for User Entity Instance: debouncer_one_shot:DEB_ONE_SHOT_PB_DEC|debouncer:DEBOUNCER|counter_debouncer:CONTADOR_PARA_RATE
 12. Analysis & Elaboration Settings
 13. Port Connectivity Checks: "debouncer_one_shot:DEB_ONE_SHOT_PB_INC|debouncer:DEBOUNCER|counter_debouncer:CONTADOR_PARA_RATE"
 14. Analysis & Elaboration Messages
 15. Analysis & Elaboration Suppressed Messages



----------------
; Legal Notice ;
----------------
Copyright (C) 2024  Intel Corporation. All rights reserved.
Your use of Intel Corporation's design tools, logic functions 
and other software and tools, and any partner logic 
functions, and any output files from any of the foregoing 
(including device programming or simulation files), and any 
associated documentation or information are expressly subject 
to the terms and conditions of the Intel Program License 
Subscription Agreement, the Intel Quartus Prime License Agreement,
the Intel FPGA IP License Agreement, or other applicable license
agreement, including, without limitation, that your use is for
the sole purpose of programming logic devices manufactured by
Intel and sold by Intel or its authorized distributors.  Please
refer to the applicable agreement for further details, at
https://fpgasoftware.intel.com/eula.



+-------------------------------------------------------------------------------------+
; Analysis & Elaboration Summary                                                      ;
+------------------------------------+------------------------------------------------+
; Analysis & Elaboration Status      ; Successful - Mon Mar  3 23:07:46 2025          ;
; Quartus Prime Version              ; 23.1std.1 Build 993 05/14/2024 SC Lite Edition ;
; Revision Name                      ; Practica_4_PWM                                 ;
; Top-level Entity Name              ; pwm                                            ;
; Family                             ; MAX 10                                         ;
; Total logic elements               ; N/A until Partition Merge                      ;
;     Total combinational functions  ; N/A until Partition Merge                      ;
;     Dedicated logic registers      ; N/A until Partition Merge                      ;
; Total registers                    ; N/A until Partition Merge                      ;
; Total pins                         ; N/A until Partition Merge                      ;
; Total virtual pins                 ; N/A until Partition Merge                      ;
; Total memory bits                  ; N/A until Partition Merge                      ;
; Embedded Multiplier 9-bit elements ; N/A until Partition Merge                      ;
; Total PLLs                         ; N/A until Partition Merge                      ;
; UFM blocks                         ; N/A until Partition Merge                      ;
; ADC blocks                         ; N/A until Partition Merge                      ;
+------------------------------------+------------------------------------------------+


+------------------------------------------+
; Parallel Compilation                     ;
+----------------------------+-------------+
; Processors                 ; Number      ;
+----------------------------+-------------+
; Number detected on machine ; 16          ;
; Maximum allowed            ; 16          ;
;                            ;             ;
; Average used               ; 1.00        ;
; Maximum used               ; 1           ;
;                            ;             ;
; Usage by Processor         ; % Time Used ;
;     Processor 1            ; 100.0%      ;
+----------------------------+-------------+


+---------------------------------------------------------------------+
; Parameter Settings for User Entity Instance: Top-level Entity: |pwm ;
+----------------+-------+--------------------------------------------+
; Parameter Name ; Value ; Type                                       ;
+----------------+-------+--------------------------------------------+
; FREQ           ; 1000  ; Signed Integer                             ;
+----------------+-------+--------------------------------------------+
Note: In order to hide this table in the UI and the text report file, please set the "Show Parameter Settings in Synthesis Report" option in "Analysis and Synthesis Settings -> More Settings" to "Off".


+-------------------------------------------------------------------------+
; Parameter Settings for User Entity Instance: clock_divider:CLK_DIV_INST ;
+----------------+-------+------------------------------------------------+
; Parameter Name ; Value ; Type                                           ;
+----------------+-------+------------------------------------------------+
; FREQ           ; 1000  ; Signed Integer                                 ;
+----------------+-------+------------------------------------------------+
Note: In order to hide this table in the UI and the text report file, please set the "Show Parameter Settings in Synthesis Report" option in "Analysis and Synthesis Settings -> More Settings" to "Off".


+-------------------------------------------------------------------------------------+
; Parameter Settings for User Entity Instance: debouncer_one_shot:DEB_ONE_SHOT_PB_INC ;
+----------------+-------+------------------------------------------------------------+
; Parameter Name ; Value ; Type                                                       ;
+----------------+-------+------------------------------------------------------------+
; INVERT_LOGIC   ; 1     ; Signed Integer                                             ;
+----------------+-------+------------------------------------------------------------+
Note: In order to hide this table in the UI and the text report file, please set the "Show Parameter Settings in Synthesis Report" option in "Analysis and Synthesis Settings -> More Settings" to "Off".


+---------------------------------------------------------------------------------------------------------+
; Parameter Settings for User Entity Instance: debouncer_one_shot:DEB_ONE_SHOT_PB_INC|debouncer:DEBOUNCER ;
+----------------+-------+--------------------------------------------------------------------------------+
; Parameter Name ; Value ; Type                                                                           ;
+----------------+-------+--------------------------------------------------------------------------------+
; N_MAX          ; 5000  ; Signed Integer                                                                 ;
; INVERT_LOGIC   ; 1     ; Signed Integer                                                                 ;
+----------------+-------+--------------------------------------------------------------------------------+
Note: In order to hide this table in the UI and the text report file, please set the "Show Parameter Settings in Synthesis Report" option in "Analysis and Synthesis Settings -> More Settings" to "Off".


+----------------------------------------------------------------------------------------------------------------------------------------------+
; Parameter Settings for User Entity Instance: debouncer_one_shot:DEB_ONE_SHOT_PB_INC|debouncer:DEBOUNCER|counter_debouncer:CONTADOR_PARA_RATE ;
+----------------+-------+---------------------------------------------------------------------------------------------------------------------+
; Parameter Name ; Value ; Type                                                                                                                ;
+----------------+-------+---------------------------------------------------------------------------------------------------------------------+
; N_MAX          ; 5000  ; Signed Integer                                                                                                      ;
+----------------+-------+---------------------------------------------------------------------------------------------------------------------+
Note: In order to hide this table in the UI and the text report file, please set the "Show Parameter Settings in Synthesis Report" option in "Analysis and Synthesis Settings -> More Settings" to "Off".


+-------------------------------------------------------------------------------------+
; Parameter Settings for User Entity Instance: debouncer_one_shot:DEB_ONE_SHOT_PB_DEC ;
+----------------+-------+------------------------------------------------------------+
; Parameter Name ; Value ; Type                                                       ;
+----------------+-------+------------------------------------------------------------+
; INVERT_LOGIC   ; 1     ; Signed Integer                                             ;
+----------------+-------+------------------------------------------------------------+
Note: In order to hide this table in the UI and the text report file, please set the "Show Parameter Settings in Synthesis Report" option in "Analysis and Synthesis Settings -> More Settings" to "Off".


+---------------------------------------------------------------------------------------------------------+
; Parameter Settings for User Entity Instance: debouncer_one_shot:DEB_ONE_SHOT_PB_DEC|debouncer:DEBOUNCER ;
+----------------+-------+--------------------------------------------------------------------------------+
; Parameter Name ; Value ; Type                                                                           ;
+----------------+-------+--------------------------------------------------------------------------------+
; N_MAX          ; 5000  ; Signed Integer                                                                 ;
; INVERT_LOGIC   ; 1     ; Signed Integer                                                                 ;
+----------------+-------+--------------------------------------------------------------------------------+
Note: In order to hide this table in the UI and the text report file, please set the "Show Parameter Settings in Synthesis Report" option in "Analysis and Synthesis Settings -> More Settings" to "Off".


+----------------------------------------------------------------------------------------------------------------------------------------------+
; Parameter Settings for User Entity Instance: debouncer_one_shot:DEB_ONE_SHOT_PB_DEC|debouncer:DEBOUNCER|counter_debouncer:CONTADOR_PARA_RATE ;
+----------------+-------+---------------------------------------------------------------------------------------------------------------------+
; Parameter Name ; Value ; Type                                                                                                                ;
+----------------+-------+---------------------------------------------------------------------------------------------------------------------+
; N_MAX          ; 5000  ; Signed Integer                                                                                                      ;
+----------------+-------+---------------------------------------------------------------------------------------------------------------------+
Note: In order to hide this table in the UI and the text report file, please set the "Show Parameter Settings in Synthesis Report" option in "Analysis and Synthesis Settings -> More Settings" to "Off".


+------------------------------------------------------------------------------------------------------------+
; Analysis & Elaboration Settings                                                                            ;
+------------------------------------------------------------------+--------------------+--------------------+
; Option                                                           ; Setting            ; Default Value      ;
+------------------------------------------------------------------+--------------------+--------------------+
; Device                                                           ; 10M50DAF484C7G     ;                    ;
; Top-level entity name                                            ; pwm                ; Practica_4_PWM     ;
; Family name                                                      ; MAX 10             ; Cyclone V          ;
; Use smart compilation                                            ; Off                ; Off                ;
; Enable parallel Assembler and Timing Analyzer during compilation ; On                 ; On                 ;
; Enable compact report table                                      ; Off                ; Off                ;
; Restructure Multiplexers                                         ; Auto               ; Auto               ;
; Create Debugging Nodes for IP Cores                              ; Off                ; Off                ;
; Preserve fewer node names                                        ; On                 ; On                 ;
; Intel FPGA IP Evaluation Mode                                    ; Enable             ; Enable             ;
; Verilog Version                                                  ; Verilog_2001       ; Verilog_2001       ;
; VHDL Version                                                     ; VHDL_1993          ; VHDL_1993          ;
; State Machine Processing                                         ; Auto               ; Auto               ;
; Safe State Machine                                               ; Off                ; Off                ;
; Extract Verilog State Machines                                   ; On                 ; On                 ;
; Extract VHDL State Machines                                      ; On                 ; On                 ;
; Ignore Verilog initial constructs                                ; Off                ; Off                ;
; Iteration limit for constant Verilog loops                       ; 5000               ; 5000               ;
; Iteration limit for non-constant Verilog loops                   ; 250                ; 250                ;
; Add Pass-Through Logic to Inferred RAMs                          ; On                 ; On                 ;
; Infer RAMs from Raw Logic                                        ; On                 ; On                 ;
; Parallel Synthesis                                               ; On                 ; On                 ;
; DSP Block Balancing                                              ; Auto               ; Auto               ;
; NOT Gate Push-Back                                               ; On                 ; On                 ;
; Power-Up Don't Care                                              ; On                 ; On                 ;
; Remove Redundant Logic Cells                                     ; Off                ; Off                ;
; Remove Duplicate Registers                                       ; On                 ; On                 ;
; Ignore CARRY Buffers                                             ; Off                ; Off                ;
; Ignore CASCADE Buffers                                           ; Off                ; Off                ;
; Ignore GLOBAL Buffers                                            ; Off                ; Off                ;
; Ignore ROW GLOBAL Buffers                                        ; Off                ; Off                ;
; Ignore LCELL Buffers                                             ; Off                ; Off                ;
; Ignore SOFT Buffers                                              ; On                 ; On                 ;
; Limit AHDL Integers to 32 Bits                                   ; Off                ; Off                ;
; Optimization Technique                                           ; Balanced           ; Balanced           ;
; Carry Chain Length                                               ; 70                 ; 70                 ;
; Auto Carry Chains                                                ; On                 ; On                 ;
; Auto Open-Drain Pins                                             ; On                 ; On                 ;
; Perform WYSIWYG Primitive Resynthesis                            ; Off                ; Off                ;
; Auto ROM Replacement                                             ; On                 ; On                 ;
; Auto RAM Replacement                                             ; On                 ; On                 ;
; Auto DSP Block Replacement                                       ; On                 ; On                 ;
; Auto Shift Register Replacement                                  ; Auto               ; Auto               ;
; Allow Shift Register Merging across Hierarchies                  ; Auto               ; Auto               ;
; Auto Clock Enable Replacement                                    ; On                 ; On                 ;
; Strict RAM Replacement                                           ; Off                ; Off                ;
; Allow Synchronous Control Signals                                ; On                 ; On                 ;
; Force Use of Synchronous Clear Signals                           ; Off                ; Off                ;
; Auto RAM Block Balancing                                         ; On                 ; On                 ;
; Auto RAM to Logic Cell Conversion                                ; Off                ; Off                ;
; Auto Resource Sharing                                            ; Off                ; Off                ;
; Allow Any RAM Size For Recognition                               ; Off                ; Off                ;
; Allow Any ROM Size For Recognition                               ; Off                ; Off                ;
; Allow Any Shift Register Size For Recognition                    ; Off                ; Off                ;
; Use LogicLock Constraints during Resource Balancing              ; On                 ; On                 ;
; Ignore translate_off and synthesis_off directives                ; Off                ; Off                ;
; Timing-Driven Synthesis                                          ; On                 ; On                 ;
; Report Parameter Settings                                        ; On                 ; On                 ;
; Report Source Assignments                                        ; On                 ; On                 ;
; Report Connectivity Checks                                       ; On                 ; On                 ;
; Ignore Maximum Fan-Out Assignments                               ; Off                ; Off                ;
; Synchronization Register Chain Length                            ; 2                  ; 2                  ;
; Power Optimization During Synthesis                              ; Normal compilation ; Normal compilation ;
; HDL message level                                                ; Level2             ; Level2             ;
; Suppress Register Optimization Related Messages                  ; Off                ; Off                ;
; Number of Removed Registers Reported in Synthesis Report         ; 5000               ; 5000               ;
; Number of Swept Nodes Reported in Synthesis Report               ; 5000               ; 5000               ;
; Number of Inverted Registers Reported in Synthesis Report        ; 100                ; 100                ;
; Clock MUX Protection                                             ; On                 ; On                 ;
; Auto Gated Clock Conversion                                      ; Off                ; Off                ;
; Block Design Naming                                              ; Auto               ; Auto               ;
; SDC constraint protection                                        ; Off                ; Off                ;
; Synthesis Effort                                                 ; Auto               ; Auto               ;
; Shift Register Replacement - Allow Asynchronous Clear Signal     ; On                 ; On                 ;
; Pre-Mapping Resynthesis Optimization                             ; Off                ; Off                ;
; Analysis & Synthesis Message Level                               ; Medium             ; Medium             ;
; Disable Register Merging Across Hierarchies                      ; Auto               ; Auto               ;
; Resource Aware Inference For Block RAM                           ; On                 ; On                 ;
+------------------------------------------------------------------+--------------------+--------------------+


+-----------------------------------------------------------------------------------------------------------------------------+
; Port Connectivity Checks: "debouncer_one_shot:DEB_ONE_SHOT_PB_INC|debouncer:DEBOUNCER|counter_debouncer:CONTADOR_PARA_RATE" ;
+-------------+--------+----------+-------------------------------------------------------------------------------------------+
; Port        ; Type   ; Severity ; Details                                                                                   ;
+-------------+--------+----------+-------------------------------------------------------------------------------------------+
; counter_out ; Output ; Info     ; Connected to dangling logic. Logic that only feeds a dangling port will be removed.       ;
+-------------+--------+----------+-------------------------------------------------------------------------------------------+


+---------------------------------+
; Analysis & Elaboration Messages ;
+---------------------------------+
Info: *******************************************************************
Info: Running Quartus Prime Analysis & Elaboration
    Info: Version 23.1std.1 Build 993 05/14/2024 SC Lite Edition
    Info: Processing started: Mon Mar  3 23:07:37 2025
Info: Command: quartus_map --read_settings_files=on --write_settings_files=off Practica_4_PWM -c Practica_4_PWM --analysis_and_elaboration
Warning (18236): Number of processors has not been specified which may cause overloading on shared machines.  Set the global assignment NUM_PARALLEL_PROCESSORS in your QSF to an appropriate value for best performance.
Info (20030): Parallel compilation is enabled and will use 16 of the 16 processors detected
Info (12021): Found 1 design units, including 1 entities, in source file /users/gustavo/documents/tec/sem 4 2025/te2002b-diseno-con-logica-programable/repositories/te2002b-diseno-con-logica-programable/utils/clock_divider/clock_divider.v
    Info (12023): Found entity 1: clock_divider File: C:/Users/Gustavo/Documents/TEC/Sem 4 2025/TE2002B-Diseno-con-logica-programable/Repositories/TE2002B-Diseno-con-logica-programable/utils/clock_divider/clock_divider.v Line: 4
Info (12021): Found 1 design units, including 1 entities, in source file /users/gustavo/documents/tec/sem 4 2025/te2002b-diseno-con-logica-programable/repositories/te2002b-diseno-con-logica-programable/utils/debouncer_one_shot/debouncer/debouncer.v
    Info (12023): Found entity 1: debouncer File: C:/Users/Gustavo/Documents/TEC/Sem 4 2025/TE2002B-Diseno-con-logica-programable/Repositories/TE2002B-Diseno-con-logica-programable/utils/debouncer_one_shot/debouncer/debouncer.v Line: 20
Info (12021): Found 1 design units, including 1 entities, in source file /users/gustavo/documents/tec/sem 4 2025/te2002b-diseno-con-logica-programable/repositories/te2002b-diseno-con-logica-programable/utils/debouncer_one_shot/debouncer/counter_debouncer.v
    Info (12023): Found entity 1: counter_debouncer File: C:/Users/Gustavo/Documents/TEC/Sem 4 2025/TE2002B-Diseno-con-logica-programable/Repositories/TE2002B-Diseno-con-logica-programable/utils/debouncer_one_shot/debouncer/counter_debouncer.v Line: 36
Info (12021): Found 1 design units, including 1 entities, in source file /users/gustavo/documents/tec/sem 4 2025/te2002b-diseno-con-logica-programable/repositories/te2002b-diseno-con-logica-programable/utils/debouncer_one_shot/one_shot/one_shot.v
    Info (12023): Found entity 1: one_shot File: C:/Users/Gustavo/Documents/TEC/Sem 4 2025/TE2002B-Diseno-con-logica-programable/Repositories/TE2002B-Diseno-con-logica-programable/utils/debouncer_one_shot/one_shot/one_shot.v Line: 19
Info (12021): Found 1 design units, including 1 entities, in source file /users/gustavo/documents/tec/sem 4 2025/te2002b-diseno-con-logica-programable/repositories/te2002b-diseno-con-logica-programable/utils/debouncer_one_shot/debouncer_one_shot.v
    Info (12023): Found entity 1: debouncer_one_shot File: C:/Users/Gustavo/Documents/TEC/Sem 4 2025/TE2002B-Diseno-con-logica-programable/Repositories/TE2002B-Diseno-con-logica-programable/utils/debouncer_one_shot/debouncer_one_shot.v Line: 3
Info (12021): Found 1 design units, including 1 entities, in source file pwm.v
    Info (12023): Found entity 1: pwm File: C:/Users/Gustavo/Documents/TEC/Sem 4 2025/TE2002B-Diseno-con-logica-programable/Repositories/TE2002B-Diseno-con-logica-programable/Practica_4_PWM/pwm.v Line: 1
Info (12021): Found 1 design units, including 1 entities, in source file pwm_tb.v
    Info (12023): Found entity 1: pwm_tb File: C:/Users/Gustavo/Documents/TEC/Sem 4 2025/TE2002B-Diseno-con-logica-programable/Repositories/TE2002B-Diseno-con-logica-programable/Practica_4_PWM/pwm_tb.v Line: 3
Warning (10236): Verilog HDL Implicit Net warning at debouncer_one_shot.v(12): created implicit net for "rst" File: C:/Users/Gustavo/Documents/TEC/Sem 4 2025/TE2002B-Diseno-con-logica-programable/Repositories/TE2002B-Diseno-con-logica-programable/utils/debouncer_one_shot/debouncer_one_shot.v Line: 12
Warning (10222): Verilog HDL Parameter Declaration warning at pwm.v(12): Parameter Declaration in module "pwm" behaves as a Local Parameter Declaration because the module has a Module Parameter Port List File: C:/Users/Gustavo/Documents/TEC/Sem 4 2025/TE2002B-Diseno-con-logica-programable/Repositories/TE2002B-Diseno-con-logica-programable/Practica_4_PWM/pwm.v Line: 12
Warning (10222): Verilog HDL Parameter Declaration warning at pwm.v(13): Parameter Declaration in module "pwm" behaves as a Local Parameter Declaration because the module has a Module Parameter Port List File: C:/Users/Gustavo/Documents/TEC/Sem 4 2025/TE2002B-Diseno-con-logica-programable/Repositories/TE2002B-Diseno-con-logica-programable/Practica_4_PWM/pwm.v Line: 13
Warning (10222): Verilog HDL Parameter Declaration warning at pwm.v(14): Parameter Declaration in module "pwm" behaves as a Local Parameter Declaration because the module has a Module Parameter Port List File: C:/Users/Gustavo/Documents/TEC/Sem 4 2025/TE2002B-Diseno-con-logica-programable/Repositories/TE2002B-Diseno-con-logica-programable/Practica_4_PWM/pwm.v Line: 14
Warning (10222): Verilog HDL Parameter Declaration warning at pwm.v(17): Parameter Declaration in module "pwm" behaves as a Local Parameter Declaration because the module has a Module Parameter Port List File: C:/Users/Gustavo/Documents/TEC/Sem 4 2025/TE2002B-Diseno-con-logica-programable/Repositories/TE2002B-Diseno-con-logica-programable/Practica_4_PWM/pwm.v Line: 17
Warning (10222): Verilog HDL Parameter Declaration warning at pwm.v(18): Parameter Declaration in module "pwm" behaves as a Local Parameter Declaration because the module has a Module Parameter Port List File: C:/Users/Gustavo/Documents/TEC/Sem 4 2025/TE2002B-Diseno-con-logica-programable/Repositories/TE2002B-Diseno-con-logica-programable/Practica_4_PWM/pwm.v Line: 18
Warning (10222): Verilog HDL Parameter Declaration warning at pwm.v(19): Parameter Declaration in module "pwm" behaves as a Local Parameter Declaration because the module has a Module Parameter Port List File: C:/Users/Gustavo/Documents/TEC/Sem 4 2025/TE2002B-Diseno-con-logica-programable/Repositories/TE2002B-Diseno-con-logica-programable/Practica_4_PWM/pwm.v Line: 19
Info (12127): Elaborating entity "pwm" for the top level hierarchy
Warning (10240): Verilog HDL Always Construct warning at pwm.v(45): inferring latch(es) for variable "DC", which holds its previous value in one or more paths through the always construct File: C:/Users/Gustavo/Documents/TEC/Sem 4 2025/TE2002B-Diseno-con-logica-programable/Repositories/TE2002B-Diseno-con-logica-programable/Practica_4_PWM/pwm.v Line: 45
Warning (10230): Verilog HDL assignment warning at pwm.v(76): truncated value with size 32 to match size of target (1) File: C:/Users/Gustavo/Documents/TEC/Sem 4 2025/TE2002B-Diseno-con-logica-programable/Repositories/TE2002B-Diseno-con-logica-programable/Practica_4_PWM/pwm.v Line: 76
Info (10041): Inferred latch for "DC[0]" at pwm.v(45) File: C:/Users/Gustavo/Documents/TEC/Sem 4 2025/TE2002B-Diseno-con-logica-programable/Repositories/TE2002B-Diseno-con-logica-programable/Practica_4_PWM/pwm.v Line: 45
Info (10041): Inferred latch for "DC[1]" at pwm.v(45) File: C:/Users/Gustavo/Documents/TEC/Sem 4 2025/TE2002B-Diseno-con-logica-programable/Repositories/TE2002B-Diseno-con-logica-programable/Practica_4_PWM/pwm.v Line: 45
Info (12128): Elaborating entity "clock_divider" for hierarchy "clock_divider:CLK_DIV_INST" File: C:/Users/Gustavo/Documents/TEC/Sem 4 2025/TE2002B-Diseno-con-logica-programable/Repositories/TE2002B-Diseno-con-logica-programable/Practica_4_PWM/pwm.v Line: 26
Warning (10259): Verilog HDL error at clock_divider.v(12): constant value overflow File: C:/Users/Gustavo/Documents/TEC/Sem 4 2025/TE2002B-Diseno-con-logica-programable/Repositories/TE2002B-Diseno-con-logica-programable/utils/clock_divider/clock_divider.v Line: 12
Info (12128): Elaborating entity "debouncer_one_shot" for hierarchy "debouncer_one_shot:DEB_ONE_SHOT_PB_INC" File: C:/Users/Gustavo/Documents/TEC/Sem 4 2025/TE2002B-Diseno-con-logica-programable/Repositories/TE2002B-Diseno-con-logica-programable/Practica_4_PWM/pwm.v Line: 33
Info (12128): Elaborating entity "debouncer" for hierarchy "debouncer_one_shot:DEB_ONE_SHOT_PB_INC|debouncer:DEBOUNCER" File: C:/Users/Gustavo/Documents/TEC/Sem 4 2025/TE2002B-Diseno-con-logica-programable/Repositories/TE2002B-Diseno-con-logica-programable/utils/debouncer_one_shot/debouncer_one_shot.v Line: 15
Info (12128): Elaborating entity "counter_debouncer" for hierarchy "debouncer_one_shot:DEB_ONE_SHOT_PB_INC|debouncer:DEBOUNCER|counter_debouncer:CONTADOR_PARA_RATE" File: C:/Users/Gustavo/Documents/TEC/Sem 4 2025/TE2002B-Diseno-con-logica-programable/Repositories/TE2002B-Diseno-con-logica-programable/utils/debouncer_one_shot/debouncer/debouncer.v Line: 39
Warning (10230): Verilog HDL assignment warning at counter_debouncer.v(60): truncated value with size 32 to match size of target (13) File: C:/Users/Gustavo/Documents/TEC/Sem 4 2025/TE2002B-Diseno-con-logica-programable/Repositories/TE2002B-Diseno-con-logica-programable/utils/debouncer_one_shot/debouncer/counter_debouncer.v Line: 60
Info (12128): Elaborating entity "one_shot" for hierarchy "debouncer_one_shot:DEB_ONE_SHOT_PB_INC|one_shot:ONE_SHOT" File: C:/Users/Gustavo/Documents/TEC/Sem 4 2025/TE2002B-Diseno-con-logica-programable/Repositories/TE2002B-Diseno-con-logica-programable/utils/debouncer_one_shot/debouncer_one_shot.v Line: 21
Info (144001): Generated suppressed messages file C:/Users/Gustavo/Documents/TEC/Sem 4 2025/TE2002B-Diseno-con-logica-programable/Repositories/TE2002B-Diseno-con-logica-programable/Practica_4_PWM/output_files/Practica_4_PWM.map.smsg
Info: Quartus Prime Analysis & Elaboration was successful. 0 errors, 12 warnings
    Info: Peak virtual memory: 4714 megabytes
    Info: Processing ended: Mon Mar  3 23:07:46 2025
    Info: Elapsed time: 00:00:09
    Info: Total CPU time (on all processors): 00:00:22


+--------------------------------------------+
; Analysis & Elaboration Suppressed Messages ;
+--------------------------------------------+
The suppressed messages can be found in C:/Users/Gustavo/Documents/TEC/Sem 4 2025/TE2002B-Diseno-con-logica-programable/Repositories/TE2002B-Diseno-con-logica-programable/Practica_4_PWM/output_files/Practica_4_PWM.map.smsg.


